<?xml version="1.0" encoding="UTF-8"?>
<testsuite name="io.hhplus.tdd.point.PointServiceTest" tests="4" skipped="0" failures="0" errors="0" timestamp="2025-10-23T05:56:21.931Z" hostname="sijeui-MacBookAir.local" time="0.346">
  <properties/>
  <testcase name="사용자 포인트를 조회한다" classname="io.hhplus.tdd.point.PointServiceTest" time="0.167"/>
  <testcase name="사용자 포인트 내역을 조회한다" classname="io.hhplus.tdd.point.PointServiceTest" time="0.13"/>
  <testcase name="포인트를 충전하고 DB를 업데이트한다" classname="io.hhplus.tdd.point.PointServiceTest" time="0.005"/>
  <testcase name="포인트를 사용하고 DB를 업데이트하며 히스토리를 기록한다" classname="io.hhplus.tdd.point.PointServiceTest" time="0.033"/>
  <system-out><![CDATA[]]></system-out>
  <system-err><![CDATA[]]></system-err>
</testsuite>
