<?xml version="1.0" encoding="UTF-8"?>
<testsuite name="io.hhplus.tdd.point.PointServiceTest" tests="10" skipped="0" failures="0" errors="0" timestamp="2025-10-22T12:08:58.765Z" hostname="taemin-ui-MacBookAir.local" time="0.007">
  <properties/>
  <testcase name="사용자 포인트를 조회한다" classname="io.hhplus.tdd.point.PointServiceTest" time="0.001"/>
  <testcase name="사용자 포인트 내역을 조회한다" classname="io.hhplus.tdd.point.PointServiceTest" time="0.0"/>
  <testcase name="포인트를 충전한다" classname="io.hhplus.tdd.point.PointServiceTest" time="0.0"/>
  <testcase name="충전 금액이 0 이하인 경우 예외가 발생한다" classname="io.hhplus.tdd.point.PointServiceTest" time="0.0"/>
  <testcase name="충전 금액이 0인 경우 예외가 발생한다" classname="io.hhplus.tdd.point.PointServiceTest" time="0.0"/>
  <testcase name="포인트를 사용한다" classname="io.hhplus.tdd.point.PointServiceTest" time="0.0"/>
  <testcase name="사용 금액이 0 이하인 경우 예외가 발생한다" classname="io.hhplus.tdd.point.PointServiceTest" time="0.0"/>
  <testcase name="포인트가 부족한 경우 예외가 발생한다" classname="io.hhplus.tdd.point.PointServiceTest" time="0.0"/>
  <testcase name="포인트 사용이 100 단위가 아닌 경우 예외가 발생한다" classname="io.hhplus.tdd.point.PointServiceTest" time="0.0"/>
  <testcase name="포인트 사용이 1000을 초과하는 경우 예외가 발생한다" classname="io.hhplus.tdd.point.PointServiceTest" time="0.001"/>
  <system-out><![CDATA[]]></system-out>
  <system-err><![CDATA[]]></system-err>
</testsuite>
